

Version:	3.14
CmdLine:	L:\David\mcomas\codapack\CoDaPack.exe --l4j-debug
WOW64:		yes
Create mutex:	CoDapPack
Working dir:	L:\David\mcomas\codapack\.
Java min ver:	1.010.000_001
Java max ver:	
Substitute:	EXEDIR = L:\David\mcomas\codapack
Bundled JRE(s):	L:\David\mcomas\codapack\JRE\jre-10.0.2
Check launcher:	L:\David\mcomas\codapack\JRE\jre-10.0.2\bin\javaw.exe (OK)
Substitute:	EXEDIR = L:\David\mcomas\codapack
Set var:	JAVA_HOME = L:\David\mcomas\codapack\JRE\jre-10.0.2
Substitute:	EXEDIR = L:\David\mcomas\codapack
Set var:	R_HOME = L:\David\mcomas\codapack\R-3.6.1
Substitute:	PATH = C:\Program Files (x86)\Common Files\Oracle\Java\javapath;C:\Windows\system32;C:\Windows;C:\Windows\System32\Wbem;C:\Windows\System32\WindowsPowerShell\v1.0\;C:\Windows\System32\OpenSSH\;c:\Program Files (x86)\QuickTime\QTSystem\;C:\Program Files (x86)\SSH Communications Security\SSH Secure Shell\;C:\Windows\system32\config\systemprofile\AppData\Local\Microsoft\WindowsApps;c:\Program Files\Java\jdk1.8.0_60\bin;C:\WINDOWS\system32;C:\WINDOWS;C:\WINDOWS\System32\Wbem;C:\WINDOWS\System32\WindowsPowerShell\v1.0\;C:\WINDOWS\System32\OpenSSH\;C:\Program Files\TortoiseSVN\bin;C:\Program Files\MiKTeX 2.9\miktex\bin\x64\;C:\Program Files\Microsoft VS Code\bin;C:\Program Files\Java\jdk1.8.0_60;C:\apache-maven-3.8.3\bin;C:\Users\dcano\AppData\Local\Microsoft\WindowsApps;C:\Users\dcano\AppData\Local\GitHubDesktop\bin;C:\Program Files\Java\jre-10.0.2\bin;L:\David\mcomas\codapack\JRE\jre-10.0.2\bin
Substitute:	EXEDIR = L:\David\mcomas\codapack
Substitute:	EXEDIR = L:\David\mcomas\codapack
Set var:	PATH = C:\Program Files (x86)\Common Files\Oracle\Java\javapath;C:\Windows\system32;C:\Windows;C:\Windows\System32\Wbem;C:\Windows\System32\WindowsPowerShell\v1.0\;C:\Windows\System32\OpenSSH\;c:\Program Files (x86)\QuickTime\QTSystem\;C:\Program Files (x86)\SSH Communications Security\SSH Secure Shell\;C:\Windows\system32\config\systemprofile\AppData\Local\Microsoft\WindowsApps;c:\Program Files\Java\jdk1.8.0_60\bin;C:\WINDOWS\system32;C:\WINDOWS;C:\WINDOWS\System32\Wbem;C:\WINDOWS\System32\WindowsPowerShell\v1.0\;C:\WINDOWS\System32\OpenSSH\;C:\Program Files\TortoiseSVN\bin;C:\Program Files\MiKTeX 2.9\miktex\bin\x64\;C:\Program Files\Microsoft VS Code\bin;C:\Program Files\Java\jdk1.8.0_60;C:\apache-maven-3.8.3\bin;C:\Users\dcano\AppData\Local\Microsoft\WindowsApps;C:\Users\dcano\AppData\Local\GitHubDesktop\bin;C:\Program Files\Java\jre-10.0.2\bin;L:\David\mcomas\codapack\JRE\jre-10.0.2\bin;L:\David\mcomas\codapack\r-3.6.1\bin\x64;L:\David\mcomas\codapack\R-3.6.1\library\rJava\jri\x64
Substitute:	EXEDIR = L:\David\mcomas\codapack
Set var:	R_LIBS = L:\David\mcomas\codapack\R-3.6.1\library
Substitute:	EXEDIR = L:\David\mcomas\codapack
Launcher:	L:\David\mcomas\codapack\JRE\jre-10.0.2\bin\javaw.exe
Launcher args:	-Dlaunch4j.exedir="L:\David\mcomas\codapack" -jar "L:\David\mcomas\codapack\CoDaPack.exe"
Args length:	89/32768 chars
Exit code:	0


Version:	3.14
CmdLine:	L:\David\mcomas\codapack\CoDaPack.exe --l4j-debug
WOW64:		yes
Create mutex:	CoDapPack
Working dir:	L:\David\mcomas\codapack\.
Java min ver:	1.010.000_001
Java max ver:	
Substitute:	EXEDIR = L:\David\mcomas\codapack
Bundled JRE(s):	L:\David\mcomas\codapack\JRE\jre-10.0.2
Check launcher:	L:\David\mcomas\codapack\JRE\jre-10.0.2\bin\javaw.exe (OK)
Substitute:	EXEDIR = L:\David\mcomas\codapack
Set var:	JAVA_HOME = L:\David\mcomas\codapack\JRE\jre-10.0.2
Substitute:	EXEDIR = L:\David\mcomas\codapack
Set var:	R_HOME = L:\David\mcomas\codapack\R-3.6.1
Substitute:	PATH = C:\Program Files (x86)\Common Files\Oracle\Java\javapath;C:\Windows\system32;C:\Windows;C:\Windows\System32\Wbem;C:\Windows\System32\WindowsPowerShell\v1.0\;C:\Windows\System32\OpenSSH\;c:\Program Files (x86)\QuickTime\QTSystem\;C:\Program Files (x86)\SSH Communications Security\SSH Secure Shell\;C:\Windows\system32\config\systemprofile\AppData\Local\Microsoft\WindowsApps;c:\Program Files\Java\jdk1.8.0_60\bin;C:\WINDOWS\system32;C:\WINDOWS;C:\WINDOWS\System32\Wbem;C:\WINDOWS\System32\WindowsPowerShell\v1.0\;C:\WINDOWS\System32\OpenSSH\;C:\Program Files\TortoiseSVN\bin;C:\Program Files\MiKTeX 2.9\miktex\bin\x64\;C:\Program Files\Microsoft VS Code\bin;C:\Program Files\Java\jdk1.8.0_60;C:\apache-maven-3.8.3\bin;C:\Users\dcano\AppData\Local\Microsoft\WindowsApps;C:\Users\dcano\AppData\Local\GitHubDesktop\bin;C:\Program Files\Java\jre-10.0.2\bin;L:\David\mcomas\codapack\JRE\jre-10.0.2\bin
Substitute:	EXEDIR = L:\David\mcomas\codapack
Substitute:	EXEDIR = L:\David\mcomas\codapack
Set var:	PATH = C:\Program Files (x86)\Common Files\Oracle\Java\javapath;C:\Windows\system32;C:\Windows;C:\Windows\System32\Wbem;C:\Windows\System32\WindowsPowerShell\v1.0\;C:\Windows\System32\OpenSSH\;c:\Program Files (x86)\QuickTime\QTSystem\;C:\Program Files (x86)\SSH Communications Security\SSH Secure Shell\;C:\Windows\system32\config\systemprofile\AppData\Local\Microsoft\WindowsApps;c:\Program Files\Java\jdk1.8.0_60\bin;C:\WINDOWS\system32;C:\WINDOWS;C:\WINDOWS\System32\Wbem;C:\WINDOWS\System32\WindowsPowerShell\v1.0\;C:\WINDOWS\System32\OpenSSH\;C:\Program Files\TortoiseSVN\bin;C:\Program Files\MiKTeX 2.9\miktex\bin\x64\;C:\Program Files\Microsoft VS Code\bin;C:\Program Files\Java\jdk1.8.0_60;C:\apache-maven-3.8.3\bin;C:\Users\dcano\AppData\Local\Microsoft\WindowsApps;C:\Users\dcano\AppData\Local\GitHubDesktop\bin;C:\Program Files\Java\jre-10.0.2\bin;L:\David\mcomas\codapack\JRE\jre-10.0.2\bin;L:\David\mcomas\codapack\r-3.6.1\bin\x64;L:\David\mcomas\codapack\R-3.6.1\library\rJava\jri\x64
Substitute:	EXEDIR = L:\David\mcomas\codapack
Set var:	R_LIBS = L:\David\mcomas\codapack\R-3.6.1\library
Substitute:	EXEDIR = L:\David\mcomas\codapack
Launcher:	L:\David\mcomas\codapack\JRE\jre-10.0.2\bin\javaw.exe
Launcher args:	-Dlaunch4j.exedir="L:\David\mcomas\codapack" -jar "L:\David\mcomas\codapack\CoDaPack.exe"
Args length:	89/32768 chars
Exit code:	0
